Case #1:
0 0 2 4
0 0 4 8
0 2 16 32
0 0 4 16
Case #2:
0 2 2 4
0 0 4 8
0 0 16 32
0 0 4 16
Case #3:
0 0 0 0
0 0 0 0
0 0 0 0
0 0 0 0
Case #4:
0 0 0 0
0 0 0 0
4 4 4 4
4 4 4 4
Case #5:
4 4 0 0
4 4 0 0
4 4 0 0
4 4 0 0
Case #6:
0 0 4 4
0 0 4 4
0 0 4 4
0 0 4 4
Case #7:
4 4 4 4
4 4 4 4
0 0 0 0
0 0 0 0
Case #8:
4 8 0 0
4 8 0 0
4 8 0 0
4 8 0 0
Case #9:
0 0 0 0
0 0 0 0
2048 2048 2048 2048
2048 2048 2048 2048
Case #10:
2048 2048 0 0
2048 2048 0 0
2048 2048 0 0
2048 2048 0 0
Case #11:
0 0 2048 2048
0 0 2048 2048
0 0 2048 2048
0 0 2048 2048
Case #12:
2048 2048 2048 2048
2048 2048 2048 2048
0 0 0 0
0 0 0 0
Case #13:
512 0 0 0
64 256 128 0
128 512 0 0
0 0 0 0
Case #14:
0 0 0 0
0 0 0 0
0 64 0 0
0 4 256 2
Case #15:
0 0 0 0
0 0 0 0
0 0 0 4
0 4 2 4
Case #16:
0 0 0 0
0 0 0 0
0 0 2 0
8 4 4 8
Case #17:
2 0 512 4
256 2 4 512
128 128 32 8
4 1024 4 2
Case #18:
4 1024 64 4
32 16 2 128
256 64 4 0
0 128 0 0
Case #19:
32 256 2 8
4 2 4 4
32 4 512 0
2 2 2 0
Case #20:
8 2 2 4
2 4 64 4
8 128 2 4
0 4 16 0
